<?xml version="1.0" encoding="UTF-8"?>
<!-- Generated by org.testng.reporters.JUnitXMLReporter -->
<testsuite ignored="4" hostname="DESKTOP-R7F4RG8" failures="0" tests="4" name="Default test" time="74.723" errors="0" timestamp="2023-05-25T17:10:54 IST">
  <testcase classname="Tests.Login" name="login" time="1.185"/>
  <testcase classname="Tests.Login" name="login" time="0.849"/>
  <testcase classname="Tests.Login" name="login" time="1.867"/>
  <testcase classname="Tests.Login" name="login" time="0.521"/>
  <testcase classname="Tests.Login" name="loginWithoutCred" time="0.0">
    <ignored/>
  </testcase> <!-- loginWithoutCred -->
  <testcase classname="Tests.Login" name="loginWithInvalidCred" time="0.0">
    <ignored/>
  </testcase> <!-- loginWithInvalidCred -->
  <testcase classname="Tests.Login" name="loginWithWrongPass" time="0.0">
    <ignored/>
  </testcase> <!-- loginWithWrongPass -->
  <testcase classname="Tests.Login" name="loginWithValidCred" time="0.0">
    <ignored/>
  </testcase> <!-- loginWithValidCred -->
</testsuite> <!-- Default test -->
